<?xml version="1.0" encoding="UTF-8"?>
<testsuite name="problem2.EleNodeTest" tests="8" skipped="0" failures="0" errors="0" timestamp="2021-02-27T08:12:39" hostname="LAPTOP-UVF4RGU1" time="0.002">
  <properties/>
  <testcase name="testToString" classname="problem2.EleNodeTest" time="0.001"/>
  <testcase name="contains" classname="problem2.EleNodeTest" time="0.0"/>
  <testcase name="getRest" classname="problem2.EleNodeTest" time="0.0"/>
  <testcase name="count" classname="problem2.EleNodeTest" time="0.0"/>
  <testcase name="getString" classname="problem2.EleNodeTest" time="0.0"/>
  <testcase name="testHashCode" classname="problem2.EleNodeTest" time="0.0"/>
  <testcase name="testEquals" classname="problem2.EleNodeTest" time="0.0"/>
  <testcase name="isEmpty" classname="problem2.EleNodeTest" time="0.0"/>
  <system-out><![CDATA[John;.
John;.
]]></system-out>
  <system-err><![CDATA[]]></system-err>
</testsuite>
