<?xml version="1.0" encoding="UTF-8"?>
<testsuite name="problem1.ElementNodeTest" tests="8" skipped="0" failures="0" errors="0" timestamp="2021-02-27T08:12:39" hostname="LAPTOP-UVF4RGU1" time="0.003">
  <properties/>
  <testcase name="testToString" classname="problem1.ElementNodeTest" time="0.001"/>
  <testcase name="getPriorityValue" classname="problem1.ElementNodeTest" time="0.0"/>
  <testcase name="getRest" classname="problem1.ElementNodeTest" time="0.0"/>
  <testcase name="count" classname="problem1.ElementNodeTest" time="0.0"/>
  <testcase name="testHashCode" classname="problem1.ElementNodeTest" time="0.0"/>
  <testcase name="getPriority" classname="problem1.ElementNodeTest" time="0.0"/>
  <testcase name="testEquals" classname="problem1.ElementNodeTest" time="0.001"/>
  <testcase name="setRest" classname="problem1.ElementNodeTest" time="0.0"/>
  <system-out><![CDATA[]]></system-out>
  <system-err><![CDATA[]]></system-err>
</testsuite>
