<?xml version="1.0" encoding="UTF-8"?>
<testsuite name="view.OptionsTest" tests="5" skipped="0" failures="0" errors="0" timestamp="2021-04-23T06:12:08" hostname="LAPTOP-UVF4RGU1" time="0.001">
  <properties/>
  <testcase name="isStringInOptions" classname="view.OptionsTest" time="0.0"/>
  <testcase name="getExpectedListOption" classname="view.OptionsTest" time="0.0"/>
  <testcase name="addOption" classname="view.OptionsTest" time="0.0"/>
  <testcase name="size" classname="view.OptionsTest" time="0.0"/>
  <testcase name="findOptionBasedOnString" classname="view.OptionsTest" time="0.0"/>
  <system-out><![CDATA[]]></system-out>
  <system-err><![CDATA[]]></system-err>
</testsuite>
