<?xml version="1.0" encoding="UTF-8"?>
<testsuite name="problem1.VehicleTest" tests="6" skipped="0" failures="0" errors="0" timestamp="2021-01-24T06:29:05" hostname="LAPTOP-UVF4RGU1" time="0.001">
  <properties/>
  <testcase name="getVIN" classname="problem1.VehicleTest" time="0.0"/>
  <testcase name="getLicensePlate" classname="problem1.VehicleTest" time="0.0"/>
  <testcase name="setVin" classname="problem1.VehicleTest" time="0.0"/>
  <testcase name="setLicensePlate" classname="problem1.VehicleTest" time="0.0"/>
  <testcase name="setOwner" classname="problem1.VehicleTest" time="0.0"/>
  <testcase name="getOwner" classname="problem1.VehicleTest" time="0.0"/>
  <system-out><![CDATA[]]></system-out>
  <system-err><![CDATA[]]></system-err>
</testsuite>
