<?xml version="1.0" encoding="UTF-8"?>
<testsuite name="problem2.TripTest" tests="9" skipped="0" failures="0" errors="0" timestamp="2021-01-24T06:29:05" hostname="LAPTOP-UVF4RGU1" time="0.003">
  <properties/>
  <testcase name="getStartTime" classname="problem2.TripTest" time="0.001"/>
  <testcase name="setEndLocation" classname="problem2.TripTest" time="0.0"/>
  <testcase name="setStartingLocation" classname="problem2.TripTest" time="0.0"/>
  <testcase name="setStartTime" classname="problem2.TripTest" time="0.0"/>
  <testcase name="getEndTime" classname="problem2.TripTest" time="0.0"/>
  <testcase name="getEndLocation" classname="problem2.TripTest" time="0.0"/>
  <testcase name="getDuration" classname="problem2.TripTest" time="0.0"/>
  <testcase name="getStartingLocation" classname="problem2.TripTest" time="0.0"/>
  <testcase name="setEndTime" classname="problem2.TripTest" time="0.0"/>
  <system-out><![CDATA[]]></system-out>
  <system-err><![CDATA[]]></system-err>
</testsuite>
