<?xml version="1.0" encoding="UTF-8"?>
<testsuite name="problem3.AccountTest" tests="5" skipped="0" failures="0" errors="0" timestamp="2021-01-24T06:29:05" hostname="LAPTOP-UVF4RGU1" time="0.004">
  <properties/>
  <testcase name="withdrawal" classname="problem3.AccountTest" time="0.001"/>
  <testcase name="getFirstName" classname="problem3.AccountTest" time="0.0"/>
  <testcase name="getLastName" classname="problem3.AccountTest" time="0.001"/>
  <testcase name="getBalance" classname="problem3.AccountTest" time="0.002"/>
  <testcase name="deposit" classname="problem3.AccountTest" time="0.0"/>
  <system-out><![CDATA[]]></system-out>
  <system-err><![CDATA[]]></system-err>
</testsuite>
