<?xml version="1.0" encoding="UTF-8"?>
<testsuite name="problem3.AmountTest" tests="4" skipped="0" failures="0" errors="0" timestamp="2021-01-24T06:29:05" hostname="LAPTOP-UVF4RGU1" time="0.0">
  <properties/>
  <testcase name="getCent" classname="problem3.AmountTest" time="0.0"/>
  <testcase name="add" classname="problem3.AmountTest" time="0.0"/>
  <testcase name="minus" classname="problem3.AmountTest" time="0.0"/>
  <testcase name="getDollar" classname="problem3.AmountTest" time="0.0"/>
  <system-out><![CDATA[]]></system-out>
  <system-err><![CDATA[]]></system-err>
</testsuite>
