<?xml version="1.0" encoding="UTF-8"?>
<testsuite name="problem_1.DancersTest" tests="1" skipped="0" failures="0" errors="0" timestamp="2021-02-11T06:59:14" hostname="LAPTOP-UVF4RGU1" time="0.0">
  <properties/>
  <testcase name="testToString" classname="problem_1.DancersTest" time="0.0"/>
  <system-out><![CDATA[]]></system-out>
  <system-err><![CDATA[]]></system-err>
</testsuite>
