<?xml version="1.0" encoding="UTF-8"?>
<testsuite name="problem1.StudentProcessorTest" tests="3" skipped="0" failures="0" errors="0" timestamp="2021-04-27T23:47:44" hostname="LAPTOP-UVF4RGU1" time="0.006">
  <properties/>
  <testcase name="filterByCourseByGrade" classname="problem1.StudentProcessorTest" time="0.004"/>
  <testcase name="checkByCourseByGrade" classname="problem1.StudentProcessorTest" time="0.0"/>
  <testcase name="mysteryMethod" classname="problem1.StudentProcessorTest" time="0.001"/>
  <system-out><![CDATA[]]></system-out>
  <system-err><![CDATA[]]></system-err>
</testsuite>
