<?xml version="1.0" encoding="UTF-8"?>
<testsuite name="problem2.RunnerTest" tests="5" skipped="0" failures="0" errors="0" timestamp="2021-01-28T06:40:17" hostname="LAPTOP-UVF4RGU1" time="0.002">
  <properties/>
  <testcase name="getBest5Ktime" classname="problem2.RunnerTest" time="0.0"/>
  <testcase name="getBestHalfMarathonTime" classname="problem2.RunnerTest" time="0.0"/>
  <testcase name="testHashCode" classname="problem2.RunnerTest" time="0.0"/>
  <testcase name="testEquals" classname="problem2.RunnerTest" time="0.001"/>
  <testcase name="getFavoriteRunningEvent" classname="problem2.RunnerTest" time="0.0"/>
  <system-out><![CDATA[]]></system-out>
  <system-err><![CDATA[]]></system-err>
</testsuite>
