<?xml version="1.0" encoding="UTF-8"?>
<testsuite name="midtermExam.p1.selfEmployedFilerTest" tests="8" skipped="0" failures="0" errors="0" timestamp="2021-03-11T09:31:43" hostname="LAPTOP-UVF4RGU1" time="0.006">
  <properties/>
  <testcase name="getTravelExpenses" classname="midtermExam.p1.selfEmployedFilerTest" time="0.0"/>
  <testcase name="getHealthInsuranceExpenses" classname="midtermExam.p1.selfEmployedFilerTest" time="0.0"/>
  <testcase name="testToString" classname="midtermExam.p1.selfEmployedFilerTest" time="0.001"/>
  <testcase name="getHomeOfficeExpenses" classname="midtermExam.p1.selfEmployedFilerTest" time="0.001"/>
  <testcase name="testHashCode" classname="midtermExam.p1.selfEmployedFilerTest" time="0.001"/>
  <testcase name="calculateTax" classname="midtermExam.p1.selfEmployedFilerTest" time="0.001"/>
  <testcase name="testEquals" classname="midtermExam.p1.selfEmployedFilerTest" time="0.0"/>
  <testcase name="getBusinessExpenses" classname="midtermExam.p1.selfEmployedFilerTest" time="0.0"/>
  <system-out><![CDATA[]]></system-out>
  <system-err><![CDATA[]]></system-err>
</testsuite>
