<?xml version="1.0" encoding="UTF-8"?>
<testsuite name="midtermExam.p1.EmployeeFilerTest" tests="2" skipped="0" failures="0" errors="0" timestamp="2021-03-11T09:31:43" hostname="LAPTOP-UVF4RGU1" time="0.004">
  <properties/>
  <testcase name="testToString" classname="midtermExam.p1.EmployeeFilerTest" time="0.003"/>
  <testcase name="calculateTax" classname="midtermExam.p1.EmployeeFilerTest" time="0.0"/>
  <system-out><![CDATA[]]></system-out>
  <system-err><![CDATA[]]></system-err>
</testsuite>
