<?xml version="1.0" encoding="UTF-8"?>
<testsuite name="midtermExam.p2.TaxReturnSystemTest" tests="4" skipped="0" failures="0" errors="0" timestamp="2021-03-11T09:31:43" hostname="LAPTOP-UVF4RGU1" time="0.001">
  <properties/>
  <testcase name="hasBeenProcessed" classname="midtermExam.p2.TaxReturnSystemTest" time="0.0"/>
  <testcase name="remove" classname="midtermExam.p2.TaxReturnSystemTest" time="0.0"/>
  <testcase name="getTaxReturn" classname="midtermExam.p2.TaxReturnSystemTest" time="0.0"/>
  <testcase name="count" classname="midtermExam.p2.TaxReturnSystemTest" time="0.0"/>
  <system-out><![CDATA[]]></system-out>
  <system-err><![CDATA[]]></system-err>
</testsuite>
