<?xml version="1.0" encoding="UTF-8"?>
<testsuite name="problem2.RecipientTest" tests="6" skipped="0" failures="0" errors="0" timestamp="2021-01-28T02:51:59" hostname="LAPTOP-UVF4RGU1" time="0.001">
  <properties/>
  <testcase name="unequals" classname="problem2.RecipientTest" time="0.0"/>
  <testcase name="getFirstName" classname="problem2.RecipientTest" time="0.0"/>
  <testcase name="assertRecipientEquals" classname="problem2.RecipientTest" time="0.0"/>
  <testcase name="getLastName" classname="problem2.RecipientTest" time="0.001"/>
  <testcase name="getEmail" classname="problem2.RecipientTest" time="0.0"/>
  <testcase name="validEquals" classname="problem2.RecipientTest" time="0.0"/>
  <system-out><![CDATA[]]></system-out>
  <system-err><![CDATA[]]></system-err>
</testsuite>
