<?xml version="1.0" encoding="UTF-8"?>
<testsuite name="AuthorTest" tests="3" skipped="0" failures="0" errors="0" timestamp="2021-01-21T06:49:53" hostname="LAPTOP-UVF4RGU1" time="0.002">
  <properties/>
  <testcase name="getAddress" classname="AuthorTest" time="0.001"/>
  <testcase name="getPerson" classname="AuthorTest" time="0.0"/>
  <testcase name="getEmail" classname="AuthorTest" time="0.0"/>
  <system-out><![CDATA[]]></system-out>
  <system-err><![CDATA[]]></system-err>
</testsuite>
