<?xml version="1.0" encoding="UTF-8"?>
<testsuite name="problem1.RiceTest" tests="3" skipped="0" failures="0" errors="0" timestamp="2021-02-04T21:20:11" hostname="LAPTOP-UVF4RGU1" time="0.002">
  <properties/>
  <testcase name="testToString" classname="problem1.RiceTest" time="0.001"/>
  <testcase name="makeOrder" classname="problem1.RiceTest" time="0.0"/>
  <testcase name="getMaxAllowedQuantity" classname="problem1.RiceTest" time="0.0"/>
  <system-out><![CDATA[]]></system-out>
  <system-err><![CDATA[]]></system-err>
</testsuite>
