<?xml version="1.0" encoding="UTF-8"?>
<testsuite name="problem1.PastaTest" tests="1" skipped="0" failures="0" errors="0" timestamp="2021-02-04T21:20:11" hostname="LAPTOP-UVF4RGU1" time="0.0">
  <properties/>
  <testcase name="getOrderDate" classname="problem1.PastaTest" time="0.0"/>
  <system-out><![CDATA[]]></system-out>
  <system-err><![CDATA[]]></system-err>
</testsuite>
