<?xml version="1.0" encoding="UTF-8"?>
<testsuite name="problem1.MeatTest" tests="13" skipped="0" failures="0" errors="0" timestamp="2021-02-04T21:20:11" hostname="LAPTOP-UVF4RGU1" time="0.009">
  <properties/>
  <testcase name="getIncomeKindsFood" classname="problem1.MeatTest" time="0.0"/>
  <testcase name="testToString" classname="problem1.MeatTest" time="0.002"/>
  <testcase name="getExpirationData" classname="problem1.MeatTest" time="0.0"/>
  <testcase name="getCurrentAvailableQuantity" classname="problem1.MeatTest" time="0.0"/>
  <testcase name="getOrderDate" classname="problem1.MeatTest" time="0.0"/>
  <testcase name="getCompanyIncome" classname="problem1.MeatTest" time="0.0"/>
  <testcase name="getName" classname="problem1.MeatTest" time="0.0"/>
  <testcase name="invalidMakeOrder" classname="problem1.MeatTest" time="0.001"/>
  <testcase name="getCurrentPricePerUnit" classname="problem1.MeatTest" time="0.0"/>
  <testcase name="testHashCode" classname="problem1.MeatTest" time="0.0"/>
  <testcase name="makeOrder" classname="problem1.MeatTest" time="0.001"/>
  <testcase name="testEquals" classname="problem1.MeatTest" time="0.0"/>
  <testcase name="getMaxAllowedQuantity" classname="problem1.MeatTest" time="0.0"/>
  <system-out><![CDATA[]]></system-out>
  <system-err><![CDATA[]]></system-err>
</testsuite>
