<?xml version="1.0" encoding="UTF-8"?>
<testsuite name="problem_1.CourseTest" tests="3" skipped="0" failures="0" errors="0" timestamp="2021-02-15T06:59:47" hostname="LAPTOP-UVF4RGU1" time="0.002">
  <properties/>
  <testcase name="testToString" classname="problem_1.CourseTest" time="0.001"/>
  <testcase name="testHashCode" classname="problem_1.CourseTest" time="0.0"/>
  <testcase name="testEquals" classname="problem_1.CourseTest" time="0.001"/>
  <system-out><![CDATA[]]></system-out>
  <system-err><![CDATA[]]></system-err>
</testsuite>
