<?xml version="1.0" encoding="UTF-8"?>
<testsuite name="problem1.ElectricalTest" tests="11" skipped="0" failures="0" errors="0" timestamp="2021-02-04T23:06:06" hostname="LAPTOP-UVF4RGU1" time="0.006">
  <properties/>
  <testcase name="getNumLicensedEmployeeRequired" classname="problem1.ElectricalTest" time="0.0"/>
  <testcase name="getMaxLicensed" classname="problem1.ElectricalTest" time="0.001"/>
  <testcase name="getExtraPermittingFee" classname="problem1.ElectricalTest" time="0.0"/>
  <testcase name="testToString" classname="problem1.ElectricalTest" time="0.0"/>
  <testcase name="invalidConstructor2" classname="problem1.ElectricalTest" time="0.0"/>
  <testcase name="isComplex" classname="problem1.ElectricalTest" time="0.0"/>
  <testcase name="testHashCode" classname="problem1.ElectricalTest" time="0.001"/>
  <testcase name="getBASERATE" classname="problem1.ElectricalTest" time="0.0"/>
  <testcase name="testEquals" classname="problem1.ElectricalTest" time="0.0"/>
  <testcase name="invalidConstructor" classname="problem1.ElectricalTest" time="0.0"/>
  <testcase name="getPrice" classname="problem1.ElectricalTest" time="0.0"/>
  <system-out><![CDATA[]]></system-out>
  <system-err><![CDATA[]]></system-err>
</testsuite>
