<?xml version="1.0" encoding="UTF-8"?>
<testsuite name="problem1.GardeningTest" tests="6" skipped="0" failures="0" errors="0" timestamp="2021-02-04T23:06:06" hostname="LAPTOP-UVF4RGU1" time="0.002">
  <properties/>
  <testcase name="testToString" classname="problem1.GardeningTest" time="0.001"/>
  <testcase name="testHashCode" classname="problem1.GardeningTest" time="0.0"/>
  <testcase name="testEquals" classname="problem1.GardeningTest" time="0.0"/>
  <testcase name="getWasteRemovalFee" classname="problem1.GardeningTest" time="0.0"/>
  <testcase name="getHours" classname="problem1.GardeningTest" time="0.0"/>
  <testcase name="getPrice" classname="problem1.GardeningTest" time="0.0"/>
  <system-out><![CDATA[]]></system-out>
  <system-err><![CDATA[]]></system-err>
</testsuite>
