<?xml version="1.0" encoding="UTF-8"?>
<testsuite name="problem1.CleaningTest" tests="14" skipped="0" failures="0" errors="0" timestamp="2021-02-04T23:06:06" hostname="LAPTOP-UVF4RGU1" time="0.008">
  <properties/>
  <testcase name="applyDiscountRate" classname="problem1.CleaningTest" time="0.002"/>
  <testcase name="testToString" classname="problem1.CleaningTest" time="0.001"/>
  <testcase name="getNumPreviousServices" classname="problem1.CleaningTest" time="0.0"/>
  <testcase name="getAddress" classname="problem1.CleaningTest" time="0.0"/>
  <testcase name="getSize" classname="problem1.CleaningTest" time="0.0"/>
  <testcase name="testHashCode" classname="problem1.CleaningTest" time="0.0"/>
  <testcase name="interiorExtraPercentFee" classname="problem1.CleaningTest" time="0.0"/>
  <testcase name="getBASERATE" classname="problem1.CleaningTest" time="0.001"/>
  <testcase name="getNumOfPets" classname="problem1.CleaningTest" time="0.0"/>
  <testcase name="testEquals" classname="problem1.CleaningTest" time="0.0"/>
  <testcase name="isIs10thService" classname="problem1.CleaningTest" time="0.0"/>
  <testcase name="getHours" classname="problem1.CleaningTest" time="0.0"/>
  <testcase name="getPrice" classname="problem1.CleaningTest" time="0.0"/>
  <testcase name="isServiceMonthly" classname="problem1.CleaningTest" time="0.0"/>
  <system-out><![CDATA[]]></system-out>
  <system-err><![CDATA[]]></system-err>
</testsuite>
