<?xml version="1.0" encoding="UTF-8"?>
<testsuite name="problem1.WindowCleaningTest" tests="3" skipped="0" failures="0" errors="0" timestamp="2021-02-04T23:06:06" hostname="LAPTOP-UVF4RGU1" time="0.001">
  <properties/>
  <testcase name="getWindowCleaningExtraFeeRate" classname="problem1.WindowCleaningTest" time="0.0"/>
  <testcase name="getFloor" classname="problem1.WindowCleaningTest" time="0.0"/>
  <testcase name="getPrice" classname="problem1.WindowCleaningTest" time="0.0"/>
  <system-out><![CDATA[]]></system-out>
  <system-err><![CDATA[]]></system-err>
</testsuite>
